# JRE version: Java(TM) SE Runtime Environment (8.0_91-b15) (build 1.8.0_91-b15)
# Java VM: Java HotSpot(TM) 64-Bit Server VM (25.91-b15 mixed mode windows-amd64 compressed oops)
Heap:
 PSYoungGen      total 298496K, used 49959K [0x00000000eaf80000, 0x00000000ff680000, 0x0000000100000000)
  eden space 293376K, 15% used [0x00000000eaf80000,0x00000000edbbcdb8,0x00000000fce00000)
  from space 5120K, 91% used [0x00000000fe800000,0x00000000fec8d0c0,0x00000000fed00000)
  to   space 9216K, 0% used [0x00000000fed80000,0x00000000fed80000,0x00000000ff680000)
 ParOldGen       total 44032K, used 33596K [0x00000000c0e00000, 0x00000000c3900000, 0x00000000eaf80000)
  object space 44032K, 76% used [0x00000000c0e00000,0x00000000c2ecf178,0x00000000c3900000)
 Metaspace       used 16787K, capacity 17564K, committed 17664K, reserved 1064960K
  class space    used 2286K, capacity 2469K, committed 2560K, reserved 1048576K
GC Heap History (10 events):
Event: 38.337 GC heap before
{Heap before GC invocations=11 (full 0):
 PSYoungGen      total 219648K, used 212567K [0x00000000eaf80000, 0x00000000f9080000, 0x0000000100000000)
  eden space 208896K, 99% used [0x00000000eaf80000,0x00000000f7b61b50,0x00000000f7b80000)
  from space 10752K, 35% used [0x00000000f8600000,0x00000000f89b40b0,0x00000000f9080000)
  to   space 10752K, 0% used [0x00000000f7b80000,0x00000000f7b80000,0x00000000f8600000)
 ParOldGen       total 44032K, used 23458K [0x00000000c0e00000, 0x00000000c3900000, 0x00000000eaf80000)
  object space 44032K, 53% used [0x00000000c0e00000,0x00000000c24e8880,0x00000000c3900000)
 Metaspace       used 16652K, capacity 17372K, committed 17664K, reserved 1064960K
  class space    used 2285K, capacity 2469K, committed 2560K, reserved 1048576K
Event: 38.355 GC heap after
Heap after GC invocations=11 (full 0):
 PSYoungGen      total 219648K, used 3760K [0x00000000eaf80000, 0x0000000100000000, 0x0000000100000000)
  eden space 208896K, 0% used [0x00000000eaf80000,0x00000000eaf80000,0x00000000f7b80000)
  from space 10752K, 34% used [0x00000000f7b80000,0x00000000f7f2c0b0,0x00000000f8600000)
  to   space 10752K, 0% used [0x00000000ff580000,0x00000000ff580000,0x0000000100000000)
 ParOldGen       total 44032K, used 25298K [0x00000000c0e00000, 0x00000000c3900000, 0x00000000eaf80000)
  object space 44032K, 57% used [0x00000000c0e00000,0x00000000c26b48a0,0x00000000c3900000)
 Metaspace       used 16652K, capacity 17372K, committed 17664K, reserved 1064960K
  class space    used 2285K, capacity 2469K, committed 2560K, reserved 1048576K
}
Event: 58.563 GC heap before
{Heap before GC invocations=12 (full 0):
 PSYoungGen      total 219648K, used 211825K [0x00000000eaf80000, 0x0000000100000000, 0x0000000100000000)
  eden space 208896K, 99% used [0x00000000eaf80000,0x00000000f7ab04d0,0x00000000f7b80000)
  from space 10752K, 34% used [0x00000000f7b80000,0x00000000f7f2c0b0,0x00000000f8600000)
  to   space 10752K, 0% used [0x00000000ff580000,0x00000000ff580000,0x0000000100000000)
 ParOldGen       total 44032K, used 25298K [0x00000000c0e00000, 0x00000000c3900000, 0x00000000eaf80000)
  object space 44032K, 57% used [0x00000000c0e00000,0x00000000c26b48a0,0x00000000c3900000)
 Metaspace       used 16730K, capacity 17500K, committed 17664K, reserved 1064960K
  class space    used 2285K, capacity 2469K, committed 2560K, reserved 1048576K
Event: 58.576 GC heap after
Heap after GC invocations=12 (full 0):
 PSYoungGen      total 332800K, used 3760K [0x00000000eaf80000, 0x00000000fff00000, 0x0000000100000000)
  eden space 323072K, 0% used [0x00000000eaf80000,0x00000000eaf80000,0x00000000feb00000)
  from space 9728K, 38% used [0x00000000ff580000,0x00000000ff92c0b0,0x00000000fff00000)
  to   space 10240K, 0% used [0x00000000feb00000,0x00000000feb00000,0x00000000ff500000)
 ParOldGen       total 44032K, used 27138K [0x00000000c0e00000, 0x00000000c3900000, 0x00000000eaf80000)
  object space 44032K, 61% used [0x00000000c0e00000,0x00000000c28808c0,0x00000000c3900000)
 Metaspace       used 16730K, capacity 17500K, committed 17664K, reserved 1064960K
  class space    used 2285K, capacity 2469K, committed 2560K, reserved 1048576K
}
Event: 62.607 GC heap before
{Heap before GC invocations=13 (full 0):
 PSYoungGen      total 332800K, used 326696K [0x00000000eaf80000, 0x00000000fff00000, 0x0000000100000000)
  eden space 323072K, 99% used [0x00000000eaf80000,0x00000000feade120,0x00000000feb00000)
  from space 9728K, 38% used [0x00000000ff580000,0x00000000ff92c0b0,0x00000000fff00000)
  to   space 10240K, 0% used [0x00000000feb00000,0x00000000feb00000,0x00000000ff500000)
 ParOldGen       total 44032K, used 27138K [0x00000000c0e00000, 0x00000000c3900000, 0x00000000eaf80000)
  object space 44032K, 61% used [0x00000000c0e00000,0x00000000c28808c0,0x00000000c3900000)
 Metaspace       used 16760K, capacity 17500K, committed 17664K, reserved 1064960K
  class space    used 2285K, capacity 2469K, committed 2560K, reserved 1048576K
Event: 62.625 GC heap after
Heap after GC invocations=13 (full 0):
 PSYoungGen      total 333312K, used 4692K [0x00000000eaf80000, 0x0000000100000000, 0x0000000100000000)
  eden space 323072K, 0% used [0x00000000eaf80000,0x00000000eaf80000,0x00000000feb00000)
  from space 10240K, 45% used [0x00000000feb00000,0x00000000fef950f8,0x00000000ff500000)
  to   space 10240K, 0% used [0x00000000ff600000,0x00000000ff600000,0x0000000100000000)
 ParOldGen       total 44032K, used 28986K [0x00000000c0e00000, 0x00000000c3900000, 0x00000000eaf80000)
  object space 44032K, 65% used [0x00000000c0e00000,0x00000000c2a4e8e0,0x00000000c3900000)
 Metaspace       used 16760K, capacity 17500K, committed 17664K, reserved 1064960K
  class space    used 2285K, capacity 2469K, committed 2560K, reserved 1048576K
}
Event: 67.264 GC heap before
{Heap before GC invocations=14 (full 0):
 PSYoungGen      total 333312K, used 327294K [0x00000000eaf80000, 0x0000000100000000, 0x0000000100000000)
  eden space 323072K, 99% used [0x00000000eaf80000,0x00000000fea8aa68,0x00000000feb00000)
  from space 10240K, 45% used [0x00000000feb00000,0x00000000fef950f8,0x00000000ff500000)
  to   space 10240K, 0% used [0x00000000ff600000,0x00000000ff600000,0x0000000100000000)
 ParOldGen       total 44032K, used 28986K [0x00000000c0e00000, 0x00000000c3900000, 0x00000000eaf80000)
  object space 44032K, 65% used [0x00000000c0e00000,0x00000000c2a4e8e0,0x00000000c3900000)
 Metaspace       used 16763K, capacity 17500K, committed 17664K, reserved 1064960K
  class space    used 2285K, capacity 2469K, committed 2560K, reserved 1048576K
Event: 67.276 GC heap after
Heap after GC invocations=14 (full 0):
 PSYoungGen      total 312832K, used 4692K [0x00000000eaf80000, 0x00000000ffb00000, 0x0000000100000000)
  eden space 307712K, 0% used [0x00000000eaf80000,0x00000000eaf80000,0x00000000fdc00000)
  from space 5120K, 91% used [0x00000000ff600000,0x00000000ffa950f8,0x00000000ffb00000)
  to   space 9728K, 0% used [0x00000000fe800000,0x00000000fe800000,0x00000000ff180000)
 ParOldGen       total 44032K, used 30842K [0x00000000c0e00000, 0x00000000c3900000, 0x00000000eaf80000)
  object space 44032K, 70% used [0x00000000c0e00000,0x00000000c2c1e900,0x00000000c3900000)
 Metaspace       used 16763K, capacity 17500K, committed 17664K, reserved 1064960K
  class space    used 2285K, capacity 2469K, committed 2560K, reserved 1048576K
}
Event: 79.375 GC heap before
{Heap before GC invocations=15 (full 0):
 PSYoungGen      total 312832K, used 311915K [0x00000000eaf80000, 0x00000000ffb00000, 0x0000000100000000)
  eden space 307712K, 99% used [0x00000000eaf80000,0x00000000fdb85ef8,0x00000000fdc00000)
  from space 5120K, 91% used [0x00000000ff600000,0x00000000ffa950f8,0x00000000ffb00000)
  to   space 9728K, 0% used [0x00000000fe800000,0x00000000fe800000,0x00000000ff180000)
 ParOldGen       total 44032K, used 31742K [0x00000000c0e00000, 0x00000000c3900000, 0x00000000eaf80000)
  object space 44032K, 72% used [0x00000000c0e00000,0x00000000c2cff948,0x00000000c3900000)
 Metaspace       used 16775K, capacity 17500K, committed 17664K, reserved 1064960K
  class space    used 2285K, capacity 2469K, committed 2560K, reserved 1048576K
Event: 79.384 GC heap after
Heap after GC invocations=15 (full 0):
 PSYoungGen      total 298496K, used 4660K [0x00000000eaf80000, 0x00000000ff680000, 0x0000000100000000)
  eden space 293376K, 0% used [0x00000000eaf80000,0x00000000eaf80000,0x00000000fce00000)
  from space 5120K, 91% used [0x00000000fe800000,0x00000000fec8d0c0,0x00000000fed00000)
  to   space 9216K, 0% used [0x00000000fed80000,0x00000000fed80000,0x00000000ff680000)
 ParOldGen       total 44032K, used 33596K [0x00000000c0e00000, 0x00000000c3900000, 0x00000000eaf80000)
  object space 44032K, 76% used [0x00000000c0e00000,0x00000000c2ecf178,0x00000000c3900000)
 Metaspace       used 16775K, capacity 17500K, committed 17664K, reserved 1064960K
  class space    used 2285K, capacity 2469K, committed 2560K, reserved 1048576K
}

