# JRE version: Java(TM) SE Runtime Environment (8.0_91-b15) (build 1.8.0_91-b15)
# Java VM: Java HotSpot(TM) 64-Bit Server VM (25.91-b15 mixed mode windows-amd64 compressed oops)
Heap:
 PSYoungGen      total 41472K, used 35571K [0x00000000eaf80000, 0x00000000ee180000, 0x0000000100000000)
  eden space 31744K, 99% used [0x00000000eaf80000,0x00000000ece589c0,0x00000000ece80000)
  from space 9728K, 40% used [0x00000000ed800000,0x00000000edbe44c0,0x00000000ee180000)
  to   space 9728K, 0% used [0x00000000ece80000,0x00000000ece80000,0x00000000ed800000)
 ParOldGen       total 41472K, used 40986K [0x00000000c0e00000, 0x00000000c3680000, 0x00000000eaf80000)
  object space 41472K, 98% used [0x00000000c0e00000,0x00000000c3606aa8,0x00000000c3680000)
 Metaspace       used 17624K, capacity 18430K, committed 18560K, reserved 1064960K
  class space    used 2492K, capacity 2686K, committed 2688K, reserved 1048576K
GC Heap History (10 events):
Event: 39.484 GC heap before
{Heap before GC invocations=3 (full 0):
 PSYoungGen      total 18944K, used 18623K [0x00000000eaf80000, 0x00000000ec480000, 0x0000000100000000)
  eden space 16384K, 98% used [0x00000000eaf80000,0x00000000ebf35c68,0x00000000ebf80000)
  from space 2560K, 99% used [0x00000000ec200000,0x00000000ec47a060,0x00000000ec480000)
  to   space 2560K, 0% used [0x00000000ebf80000,0x00000000ebf80000,0x00000000ec200000)
 ParOldGen       total 44032K, used 2372K [0x00000000c0e00000, 0x00000000c3900000, 0x00000000eaf80000)
  object space 44032K, 5% used [0x00000000c0e00000,0x00000000c10512d8,0x00000000c3900000)
 Metaspace       used 17597K, capacity 18364K, committed 18560K, reserved 1064960K
  class space    used 2491K, capacity 2685K, committed 2688K, reserved 1048576K
Event: 39.507 GC heap after
Heap after GC invocations=3 (full 0):
 PSYoungGen      total 18944K, used 2555K [0x00000000eaf80000, 0x00000000ec480000, 0x0000000100000000)
  eden space 16384K, 0% used [0x00000000eaf80000,0x00000000eaf80000,0x00000000ebf80000)
  from space 2560K, 99% used [0x00000000ebf80000,0x00000000ec1fec40,0x00000000ec200000)
  to   space 2560K, 0% used [0x00000000ec200000,0x00000000ec200000,0x00000000ec480000)
 ParOldGen       total 44032K, used 9007K [0x00000000c0e00000, 0x00000000c3900000, 0x00000000eaf80000)
  object space 44032K, 20% used [0x00000000c0e00000,0x00000000c16cbeb0,0x00000000c3900000)
 Metaspace       used 17597K, capacity 18364K, committed 18560K, reserved 1064960K
  class space    used 2491K, capacity 2685K, committed 2688K, reserved 1048576K
}
Event: 39.642 GC heap before
{Heap before GC invocations=4 (full 0):
 PSYoungGen      total 18944K, used 18415K [0x00000000eaf80000, 0x00000000ec480000, 0x0000000100000000)
  eden space 16384K, 96% used [0x00000000eaf80000,0x00000000ebefd1c0,0x00000000ebf80000)
  from space 2560K, 99% used [0x00000000ebf80000,0x00000000ec1fec40,0x00000000ec200000)
  to   space 2560K, 0% used [0x00000000ec200000,0x00000000ec200000,0x00000000ec480000)
 ParOldGen       total 44032K, used 9682K [0x00000000c0e00000, 0x00000000c3900000, 0x00000000eaf80000)
  object space 44032K, 21% used [0x00000000c0e00000,0x00000000c1774af8,0x00000000c3900000)
 Metaspace       used 17599K, capacity 18364K, committed 18560K, reserved 1064960K
  class space    used 2491K, capacity 2685K, committed 2688K, reserved 1048576K
Event: 39.659 GC heap after
Heap after GC invocations=4 (full 0):
 PSYoungGen      total 18944K, used 2555K [0x00000000eaf80000, 0x00000000ed480000, 0x0000000100000000)
  eden space 16384K, 0% used [0x00000000eaf80000,0x00000000eaf80000,0x00000000ebf80000)
  from space 2560K, 99% used [0x00000000ec200000,0x00000000ec47ec60,0x00000000ec480000)
  to   space 2560K, 0% used [0x00000000ebf80000,0x00000000ebf80000,0x00000000ec200000)
 ParOldGen       total 44032K, used 14230K [0x00000000c0e00000, 0x00000000c3900000, 0x00000000eaf80000)
  object space 44032K, 32% used [0x00000000c0e00000,0x00000000c1be5bc8,0x00000000c3900000)
 Metaspace       used 17599K, capacity 18364K, committed 18560K, reserved 1064960K
  class space    used 2491K, capacity 2685K, committed 2688K, reserved 1048576K
}
Event: 40.259 GC heap before
{Heap before GC invocations=5 (full 1):
 PSYoungGen      total 18944K, used 18378K [0x00000000eaf80000, 0x00000000ed480000, 0x0000000100000000)
  eden space 16384K, 96% used [0x00000000eaf80000,0x00000000ebef3c98,0x00000000ebf80000)
  from space 2560K, 99% used [0x00000000ec200000,0x00000000ec47ec60,0x00000000ec480000)
  to   space 2560K, 0% used [0x00000000ebf80000,0x00000000ebf80000,0x00000000ec200000)
 ParOldGen       total 63488K, used 62833K [0x00000000c0e00000, 0x00000000c4c00000, 0x00000000eaf80000)
  object space 63488K, 98% used [0x00000000c0e00000,0x00000000c4b5c6b8,0x00000000c4c00000)
 Metaspace       used 17611K, capacity 18428K, committed 18560K, reserved 1064960K
  class space    used 2491K, capacity 2685K, committed 2688K, reserved 1048576K
Event: 40.371 GC heap after
Heap after GC invocations=5 (full 1):
 PSYoungGen      total 18944K, used 0K [0x00000000eaf80000, 0x00000000ed480000, 0x0000000100000000)
  eden space 16384K, 0% used [0x00000000eaf80000,0x00000000eaf80000,0x00000000ebf80000)
  from space 2560K, 0% used [0x00000000ec200000,0x00000000ec200000,0x00000000ec480000)
  to   space 2560K, 0% used [0x00000000ebf80000,0x00000000ebf80000,0x00000000ec200000)
 ParOldGen       total 41472K, used 15777K [0x00000000c0e00000, 0x00000000c3680000, 0x00000000eaf80000)
  object space 41472K, 38% used [0x00000000c0e00000,0x00000000c1d68518,0x00000000c3680000)
 Metaspace       used 17611K, capacity 18428K, committed 18560K, reserved 1064960K
  class space    used 2491K, capacity 2685K, committed 2688K, reserved 1048576K
}
Event: 40.509 GC heap before
{Heap before GC invocations=6 (full 1):
 PSYoungGen      total 18944K, used 15868K [0x00000000eaf80000, 0x00000000ed480000, 0x0000000100000000)
  eden space 16384K, 96% used [0x00000000eaf80000,0x00000000ebeff158,0x00000000ebf80000)
  from space 2560K, 0% used [0x00000000ec200000,0x00000000ec200000,0x00000000ec480000)
  to   space 2560K, 0% used [0x00000000ebf80000,0x00000000ebf80000,0x00000000ec200000)
 ParOldGen       total 41472K, used 15777K [0x00000000c0e00000, 0x00000000c3680000, 0x00000000eaf80000)
  object space 41472K, 38% used [0x00000000c0e00000,0x00000000c1d68518,0x00000000c3680000)
 Metaspace       used 17612K, capacity 18428K, committed 18560K, reserved 1064960K
  class space    used 2491K, capacity 2685K, committed 2688K, reserved 1048576K
Event: 40.520 GC heap after
Heap after GC invocations=6 (full 1):
 PSYoungGen      total 18944K, used 2410K [0x00000000eaf80000, 0x00000000ee200000, 0x0000000100000000)
  eden space 16384K, 0% used [0x00000000eaf80000,0x00000000eaf80000,0x00000000ebf80000)
  from space 2560K, 94% used [0x00000000ebf80000,0x00000000ec1da8a0,0x00000000ec200000)
  to   space 10240K, 0% used [0x00000000ed800000,0x00000000ed800000,0x00000000ee200000)
 ParOldGen       total 41472K, used 19152K [0x00000000c0e00000, 0x00000000c3680000, 0x00000000eaf80000)
  object space 41472K, 46% used [0x00000000c0e00000,0x00000000c20b4158,0x00000000c3680000)
 Metaspace       used 17612K, capacity 18428K, committed 18560K, reserved 1064960K
  class space    used 2491K, capacity 2685K, committed 2688K, reserved 1048576K
}
Event: 40.650 GC heap before
{Heap before GC invocations=7 (full 1):
 PSYoungGen      total 18944K, used 18556K [0x00000000eaf80000, 0x00000000ee200000, 0x0000000100000000)
  eden space 16384K, 98% used [0x00000000eaf80000,0x00000000ebf44850,0x00000000ebf80000)
  from space 2560K, 94% used [0x00000000ebf80000,0x00000000ec1da8a0,0x00000000ec200000)
  to   space 10240K, 0% used [0x00000000ed800000,0x00000000ed800000,0x00000000ee200000)
 ParOldGen       total 41472K, used 20727K [0x00000000c0e00000, 0x00000000c3680000, 0x00000000eaf80000)
  object space 41472K, 49% used [0x00000000c0e00000,0x00000000c223dde8,0x00000000c3680000)
 Metaspace       used 17613K, capacity 18428K, committed 18560K, reserved 1064960K
  class space    used 2491K, capacity 2685K, committed 2688K, reserved 1048576K
Event: 40.658 GC heap after
Heap after GC invocations=7 (full 1):
 PSYoungGen      total 41472K, used 3985K [0x00000000eaf80000, 0x00000000ee180000, 0x0000000100000000)
  eden space 31744K, 0% used [0x00000000eaf80000,0x00000000eaf80000,0x00000000ece80000)
  from space 9728K, 40% used [0x00000000ed800000,0x00000000edbe44c0,0x00000000ee180000)
  to   space 9728K, 0% used [0x00000000ece80000,0x00000000ece80000,0x00000000ed800000)
 ParOldGen       total 41472K, used 20735K [0x00000000c0e00000, 0x00000000c3680000, 0x00000000eaf80000)
  object space 41472K, 49% used [0x00000000c0e00000,0x00000000c223fde8,0x00000000c3680000)
 Metaspace       used 17613K, capacity 18428K, committed 18560K, reserved 1064960K
  class space    used 2491K, capacity 2685K, committed 2688K, reserved 1048576K
}

