# JRE version: Java(TM) SE Runtime Environment (8.0_91-b15) (build 1.8.0_91-b15)
# Java VM: Java HotSpot(TM) 64-Bit Server VM (25.91-b15 mixed mode windows-amd64 compressed oops)
Heap:
 PSYoungGen      total 55296K, used 51577K [0x00000000eaf80000, 0x00000000eeb80000, 0x0000000100000000)
  eden space 49152K, 95% used [0x00000000eaf80000,0x00000000edd51590,0x00000000edf80000)
  from space 6144K, 75% used [0x00000000edf80000,0x00000000ee40d0f8,0x00000000ee580000)
  to   space 6144K, 0% used [0x00000000ee580000,0x00000000ee580000,0x00000000eeb80000)
 ParOldGen       total 68096K, used 60227K [0x00000000c0e00000, 0x00000000c5080000, 0x00000000eaf80000)
  object space 68096K, 88% used [0x00000000c0e00000,0x00000000c48d0f68,0x00000000c5080000)
 Metaspace       used 16784K, capacity 17504K, committed 17664K, reserved 1064960K
  class space    used 2292K, capacity 2501K, committed 2560K, reserved 1048576K
GC Heap History (10 events):
Event: 79.549 GC heap before
{Heap before GC invocations=40 (full 3):
 PSYoungGen      total 49664K, used 46927K [0x00000000eaf80000, 0x00000000ee600000, 0x0000000100000000)
  eden space 43520K, 99% used [0x00000000eaf80000,0x00000000ed9a7c60,0x00000000eda00000)
  from space 6144K, 61% used [0x00000000ee000000,0x00000000ee3ac0b0,0x00000000ee600000)
  to   space 6144K, 0% used [0x00000000eda00000,0x00000000eda00000,0x00000000ee000000)
 ParOldGen       total 68096K, used 60195K [0x00000000c0e00000, 0x00000000c5080000, 0x00000000eaf80000)
  object space 68096K, 88% used [0x00000000c0e00000,0x00000000c48c8f68,0x00000000c5080000)
 Metaspace       used 16775K, capacity 17504K, committed 17664K, reserved 1064960K
  class space    used 2292K, capacity 2501K, committed 2560K, reserved 1048576K
Event: 79.552 GC heap after
Heap after GC invocations=40 (full 3):
 PSYoungGen      total 49664K, used 4660K [0x00000000eaf80000, 0x00000000ee880000, 0x0000000100000000)
  eden space 43520K, 0% used [0x00000000eaf80000,0x00000000eaf80000,0x00000000eda00000)
  from space 6144K, 75% used [0x00000000eda00000,0x00000000ede8d0f8,0x00000000ee000000)
  to   space 6144K, 0% used [0x00000000ee280000,0x00000000ee280000,0x00000000ee880000)
 ParOldGen       total 68096K, used 60211K [0x00000000c0e00000, 0x00000000c5080000, 0x00000000eaf80000)
  object space 68096K, 88% used [0x00000000c0e00000,0x00000000c48ccf68,0x00000000c5080000)
 Metaspace       used 16775K, capacity 17504K, committed 17664K, reserved 1064960K
  class space    used 2292K, capacity 2501K, committed 2560K, reserved 1048576K
}
Event: 80.157 GC heap before
{Heap before GC invocations=41 (full 3):
 PSYoungGen      total 49664K, used 47838K [0x00000000eaf80000, 0x00000000ee880000, 0x0000000100000000)
  eden space 43520K, 99% used [0x00000000eaf80000,0x00000000ed9aa7d8,0x00000000eda00000)
  from space 6144K, 75% used [0x00000000eda00000,0x00000000ede8d0f8,0x00000000ee000000)
  to   space 6144K, 0% used [0x00000000ee280000,0x00000000ee280000,0x00000000ee880000)
 ParOldGen       total 68096K, used 60211K [0x00000000c0e00000, 0x00000000c5080000, 0x00000000eaf80000)
  object space 68096K, 88% used [0x00000000c0e00000,0x00000000c48ccf68,0x00000000c5080000)
 Metaspace       used 16775K, capacity 17504K, committed 17664K, reserved 1064960K
  class space    used 2292K, capacity 2501K, committed 2560K, reserved 1048576K
Event: 80.170 GC heap after
Heap after GC invocations=41 (full 3):
 PSYoungGen      total 52224K, used 5560K [0x00000000eaf80000, 0x00000000ee980000, 0x0000000100000000)
  eden space 46080K, 0% used [0x00000000eaf80000,0x00000000eaf80000,0x00000000edc80000)
  from space 6144K, 90% used [0x00000000ee280000,0x00000000ee7ee108,0x00000000ee880000)
  to   space 6144K, 0% used [0x00000000edc80000,0x00000000edc80000,0x00000000ee280000)
 ParOldGen       total 68096K, used 60219K [0x00000000c0e00000, 0x00000000c5080000, 0x00000000eaf80000)
  object space 68096K, 88% used [0x00000000c0e00000,0x00000000c48cef68,0x00000000c5080000)
 Metaspace       used 16775K, capacity 17504K, committed 17664K, reserved 1064960K
  class space    used 2292K, capacity 2501K, committed 2560K, reserved 1048576K
}
Event: 80.817 GC heap before
{Heap before GC invocations=42 (full 3):
 PSYoungGen      total 52224K, used 51504K [0x00000000eaf80000, 0x00000000ee980000, 0x0000000100000000)
  eden space 46080K, 99% used [0x00000000eaf80000,0x00000000edc5dfc8,0x00000000edc80000)
  from space 6144K, 90% used [0x00000000ee280000,0x00000000ee7ee108,0x00000000ee880000)
  to   space 6144K, 0% used [0x00000000edc80000,0x00000000edc80000,0x00000000ee280000)
 ParOldGen       total 68096K, used 60219K [0x00000000c0e00000, 0x00000000c5080000, 0x00000000eaf80000)
  object space 68096K, 88% used [0x00000000c0e00000,0x00000000c48cef68,0x00000000c5080000)
 Metaspace       used 16775K, capacity 17504K, committed 17664K, reserved 1064960K
  class space    used 2292K, capacity 2501K, committed 2560K, reserved 1048576K
Event: 80.820 GC heap after
Heap after GC invocations=42 (full 3):
 PSYoungGen      total 52224K, used 3760K [0x00000000eaf80000, 0x00000000eeb80000, 0x0000000100000000)
  eden space 46080K, 0% used [0x00000000eaf80000,0x00000000eaf80000,0x00000000edc80000)
  from space 6144K, 61% used [0x00000000edc80000,0x00000000ee02c0b0,0x00000000ee280000)
  to   space 6144K, 0% used [0x00000000ee580000,0x00000000ee580000,0x00000000eeb80000)
 ParOldGen       total 68096K, used 60227K [0x00000000c0e00000, 0x00000000c5080000, 0x00000000eaf80000)
  object space 68096K, 88% used [0x00000000c0e00000,0x00000000c48d0f68,0x00000000c5080000)
 Metaspace       used 16775K, capacity 17504K, committed 17664K, reserved 1064960K
  class space    used 2292K, capacity 2501K, committed 2560K, reserved 1048576K
}
Event: 81.448 GC heap before
{Heap before GC invocations=43 (full 3):
 PSYoungGen      total 52224K, used 49707K [0x00000000eaf80000, 0x00000000eeb80000, 0x0000000100000000)
  eden space 46080K, 99% used [0x00000000eaf80000,0x00000000edc5eda0,0x00000000edc80000)
  from space 6144K, 61% used [0x00000000edc80000,0x00000000ee02c0b0,0x00000000ee280000)
  to   space 6144K, 0% used [0x00000000ee580000,0x00000000ee580000,0x00000000eeb80000)
 ParOldGen       total 68096K, used 60227K [0x00000000c0e00000, 0x00000000c5080000, 0x00000000eaf80000)
  object space 68096K, 88% used [0x00000000c0e00000,0x00000000c48d0f68,0x00000000c5080000)
 Metaspace       used 16775K, capacity 17504K, committed 17664K, reserved 1064960K
  class space    used 2292K, capacity 2501K, committed 2560K, reserved 1048576K
Event: 81.453 GC heap after
Heap after GC invocations=43 (full 3):
 PSYoungGen      total 55296K, used 3760K [0x00000000eaf80000, 0x00000000eeb80000, 0x0000000100000000)
  eden space 49152K, 0% used [0x00000000eaf80000,0x00000000eaf80000,0x00000000edf80000)
  from space 6144K, 61% used [0x00000000ee580000,0x00000000ee92c0b0,0x00000000eeb80000)
  to   space 6144K, 0% used [0x00000000edf80000,0x00000000edf80000,0x00000000ee580000)
 ParOldGen       total 68096K, used 60227K [0x00000000c0e00000, 0x00000000c5080000, 0x00000000eaf80000)
  object space 68096K, 88% used [0x00000000c0e00000,0x00000000c48d0f68,0x00000000c5080000)
 Metaspace       used 16775K, capacity 17504K, committed 17664K, reserved 1064960K
  class space    used 2292K, capacity 2501K, committed 2560K, reserved 1048576K
}
Event: 82.115 GC heap before
{Heap before GC invocations=44 (full 3):
 PSYoungGen      total 55296K, used 52501K [0x00000000eaf80000, 0x00000000eeb80000, 0x0000000100000000)
  eden space 49152K, 99% used [0x00000000eaf80000,0x00000000edf196f0,0x00000000edf80000)
  from space 6144K, 61% used [0x00000000ee580000,0x00000000ee92c0b0,0x00000000eeb80000)
  to   space 6144K, 0% used [0x00000000edf80000,0x00000000edf80000,0x00000000ee580000)
 ParOldGen       total 68096K, used 60227K [0x00000000c0e00000, 0x00000000c5080000, 0x00000000eaf80000)
  object space 68096K, 88% used [0x00000000c0e00000,0x00000000c48d0f68,0x00000000c5080000)
 Metaspace       used 16780K, capacity 17504K, committed 17664K, reserved 1064960K
  class space    used 2292K, capacity 2501K, committed 2560K, reserved 1048576K
Event: 82.118 GC heap after
Heap after GC invocations=44 (full 3):
 PSYoungGen      total 55296K, used 4660K [0x00000000eaf80000, 0x00000000eeb80000, 0x0000000100000000)
  eden space 49152K, 0% used [0x00000000eaf80000,0x00000000eaf80000,0x00000000edf80000)
  from space 6144K, 75% used [0x00000000edf80000,0x00000000ee40d0f8,0x00000000ee580000)
  to   space 6144K, 0% used [0x00000000ee580000,0x00000000ee580000,0x00000000eeb80000)
 ParOldGen       total 68096K, used 60227K [0x00000000c0e00000, 0x00000000c5080000, 0x00000000eaf80000)
  object space 68096K, 88% used [0x00000000c0e00000,0x00000000c48d0f68,0x00000000c5080000)
 Metaspace       used 16780K, capacity 17504K, committed 17664K, reserved 1064960K
  class space    used 2292K, capacity 2501K, committed 2560K, reserved 1048576K
}

